build/app/intermediates/manifest_merge_blame_file/release/manifest-merger-blame-release-report.txt
1<?xml version="1.0" encoding="utf-8"?>
2<manifest xmlns:android="http://schemas.android.com/apk/res/android"
3    package="com.emic.gsafesa"
4    android:versionCode="1"
5    android:versionName="1.0.0" >
6
7    <uses-sdk
8        android:minSdkVersion="21"
8-->src/main/AndroidManifest.xml
9        android:targetSdkVersion="34" />
9-->src/main/AndroidManifest.xml
10    <!--
11         Required to query activities that can process text, see:
12         https://developer.android.com/training/package-visibility and
13         https://developer.android.com/reference/android/content/Intent#ACTION_PROCESS_TEXT.
14
15         In particular, this is used by the Flutter engine in io.flutter.plugin.text.ProcessTextPlugin.
16    -->
17    <queries>
17-->src/main/AndroidManifest.xml:40:5-45:15
18        <intent>
18-->src/main/AndroidManifest.xml:41:9-44:18
19            <action android:name="android.intent.action.PROCESS_TEXT" />
19-->src/main/AndroidManifest.xml:42:13-72
19-->src/main/AndroidManifest.xml:42:21-70
20
21            <data android:mimeType="text/plain" />
21-->src/main/AndroidManifest.xml:43:13-50
21-->src/main/AndroidManifest.xml:43:19-48
22        </intent>
23    </queries>
24
25    <uses-permission android:name="android.permission.ACCESS_NETWORK_STATE" />
25-->[:connectivity_plus] AndroidManifest.xml:9:5-79
25-->[:connectivity_plus] AndroidManifest.xml:9:22-76
26    <uses-permission android:name="android.permission.INTERNET" />
26-->[:firebase_messaging] AndroidManifest.xml:9:5-67
26-->[:firebase_messaging] AndroidManifest.xml:9:22-64
27    <uses-permission android:name="android.permission.WAKE_LOCK" /> <!-- Permissions options for the `notification` group -->
27-->[:firebase_messaging] AndroidManifest.xml:10:5-68
27-->[:firebase_messaging] AndroidManifest.xml:10:22-65
28    <uses-permission android:name="android.permission.POST_NOTIFICATIONS" />
28-->[:firebase_messaging] AndroidManifest.xml:13:5-77
28-->[:firebase_messaging] AndroidManifest.xml:13:22-74
29    <uses-permission android:name="android.permission.FOREGROUND_SERVICE" />
29-->[:flutter_foreground_task] AndroidManifest.xml:9:5-77
29-->[:flutter_foreground_task] AndroidManifest.xml:9:22-74
30    <uses-permission android:name="android.permission.RECEIVE_BOOT_COMPLETED" />
30-->[:flutter_foreground_task] AndroidManifest.xml:11:5-81
30-->[:flutter_foreground_task] AndroidManifest.xml:11:22-78
31    <uses-permission android:name="android.permission.VIBRATE" />
31-->[:flutter_local_notifications] AndroidManifest.xml:9:5-66
31-->[:flutter_local_notifications] AndroidManifest.xml:9:22-63
32    <uses-permission android:name="android.permission.CAMERA" />
32-->[:mobile_scanner] AndroidManifest.xml:9:5-65
32-->[:mobile_scanner] AndroidManifest.xml:9:22-62
33
34    <uses-feature
34-->[:mobile_scanner] AndroidManifest.xml:11:5-13:36
35        android:name="android.hardware.camera"
35-->[:mobile_scanner] AndroidManifest.xml:12:9-47
36        android:required="false" /> <!-- Required by older versions of Google Play services to create IID tokens -->
36-->[:mobile_scanner] AndroidManifest.xml:13:9-33
37    <uses-permission android:name="com.google.android.c2dm.permission.RECEIVE" />
37-->[com.google.firebase:firebase-messaging:24.0.1] AndroidManifest.xml:26:5-82
37-->[com.google.firebase:firebase-messaging:24.0.1] AndroidManifest.xml:26:22-79
38
39    <permission
39-->[androidx.core:core:1.13.1] AndroidManifest.xml:22:5-24:47
40        android:name="com.emic.gsafesa.DYNAMIC_RECEIVER_NOT_EXPORTED_PERMISSION"
40-->[androidx.core:core:1.13.1] AndroidManifest.xml:23:9-81
41        android:protectionLevel="signature" />
41-->[androidx.core:core:1.13.1] AndroidManifest.xml:24:9-44
42
43    <uses-permission android:name="com.emic.gsafesa.DYNAMIC_RECEIVER_NOT_EXPORTED_PERMISSION" />
43-->[androidx.core:core:1.13.1] AndroidManifest.xml:26:5-97
43-->[androidx.core:core:1.13.1] AndroidManifest.xml:26:22-94
44
45    <uses-feature
45-->[com.journeyapps:zxing-android-embedded:4.3.0] AndroidManifest.xml:28:5-30:36
46        android:name="android.hardware.camera.front"
46-->[com.journeyapps:zxing-android-embedded:4.3.0] AndroidManifest.xml:29:9-53
47        android:required="false" /> <!-- TODO replace above two with next line after Android 4.2 -->
47-->[com.journeyapps:zxing-android-embedded:4.3.0] AndroidManifest.xml:30:9-33
48    <!-- <uses-feature android:name="android.hardware.camera.any"/> -->
49    <uses-feature
49-->[com.journeyapps:zxing-android-embedded:4.3.0] AndroidManifest.xml:33:5-35:36
50        android:name="android.hardware.camera.autofocus"
50-->[com.journeyapps:zxing-android-embedded:4.3.0] AndroidManifest.xml:34:9-57
51        android:required="false" />
51-->[com.journeyapps:zxing-android-embedded:4.3.0] AndroidManifest.xml:35:9-33
52    <uses-feature
52-->[com.journeyapps:zxing-android-embedded:4.3.0] AndroidManifest.xml:36:5-38:36
53        android:name="android.hardware.camera.flash"
53-->[com.journeyapps:zxing-android-embedded:4.3.0] AndroidManifest.xml:37:9-53
54        android:required="false" />
54-->[com.journeyapps:zxing-android-embedded:4.3.0] AndroidManifest.xml:38:9-33
55    <uses-feature
55-->[com.journeyapps:zxing-android-embedded:4.3.0] AndroidManifest.xml:39:5-41:36
56        android:name="android.hardware.screen.landscape"
56-->[com.journeyapps:zxing-android-embedded:4.3.0] AndroidManifest.xml:40:9-57
57        android:required="false" />
57-->[com.journeyapps:zxing-android-embedded:4.3.0] AndroidManifest.xml:41:9-33
58    <uses-feature
58-->[com.journeyapps:zxing-android-embedded:4.3.0] AndroidManifest.xml:42:5-44:36
59        android:name="android.hardware.wifi"
59-->[com.journeyapps:zxing-android-embedded:4.3.0] AndroidManifest.xml:43:9-45
60        android:required="false" />
60-->[com.journeyapps:zxing-android-embedded:4.3.0] AndroidManifest.xml:44:9-33
61
62    <application
63        android:name="android.app.Application"
63-->src/main/AndroidManifest.xml:5:9-42
64        android:appComponentFactory="androidx.core.app.CoreComponentFactory"
64-->[androidx.core:core:1.13.1] AndroidManifest.xml:28:18-86
65        android:icon="@mipmap/ic_launcher"
65-->src/main/AndroidManifest.xml:6:9-43
66        android:label="myapp" >
66-->src/main/AndroidManifest.xml:4:9-30
67        <activity
67-->src/main/AndroidManifest.xml:7:9-28:20
68            android:name="com.emic.gsafesa.MainActivity"
68-->src/main/AndroidManifest.xml:8:13-41
69            android:configChanges="orientation|keyboardHidden|keyboard|screenSize|smallestScreenSize|locale|layoutDirection|fontScale|screenLayout|density|uiMode"
69-->src/main/AndroidManifest.xml:13:13-163
70            android:exported="true"
70-->src/main/AndroidManifest.xml:9:13-36
71            android:hardwareAccelerated="true"
71-->src/main/AndroidManifest.xml:14:13-47
72            android:launchMode="singleTop"
72-->src/main/AndroidManifest.xml:10:13-43
73            android:taskAffinity=""
73-->src/main/AndroidManifest.xml:11:13-36
74            android:theme="@style/LaunchTheme"
74-->src/main/AndroidManifest.xml:12:13-47
75            android:windowSoftInputMode="adjustResize" >
75-->src/main/AndroidManifest.xml:15:13-55
76
77            <!--
78                 Specifies an Android theme to apply to this Activity as soon as
79                 the Android process has started. This theme is visible to the user
80                 while the Flutter UI initializes. After that, this theme continues
81                 to determine the Window background behind the Flutter UI.
82            -->
83            <meta-data
83-->src/main/AndroidManifest.xml:20:13-23:17
84                android:name="io.flutter.embedding.android.NormalTheme"
84-->src/main/AndroidManifest.xml:21:15-70
85                android:resource="@style/NormalTheme" />
85-->src/main/AndroidManifest.xml:22:15-52
86
87            <intent-filter>
87-->src/main/AndroidManifest.xml:24:13-27:29
88                <action android:name="android.intent.action.MAIN" />
88-->src/main/AndroidManifest.xml:25:17-68
88-->src/main/AndroidManifest.xml:25:25-66
89
90                <category android:name="android.intent.category.LAUNCHER" />
90-->src/main/AndroidManifest.xml:26:17-76
90-->src/main/AndroidManifest.xml:26:27-74
91            </intent-filter>
92        </activity>
93        <!--
94             Don't delete the meta-data below.
95             This is used by the Flutter tool to generate GeneratedPluginRegistrant.java
96        -->
97        <meta-data
97-->src/main/AndroidManifest.xml:31:9-33:33
98            android:name="flutterEmbedding"
98-->src/main/AndroidManifest.xml:32:13-44
99            android:value="2" />
99-->src/main/AndroidManifest.xml:33:13-30
100
101        <service
101-->[:firebase_messaging] AndroidManifest.xml:16:9-19:72
102            android:name="io.flutter.plugins.firebase.messaging.FlutterFirebaseMessagingBackgroundService"
102-->[:firebase_messaging] AndroidManifest.xml:17:13-107
103            android:exported="false"
103-->[:firebase_messaging] AndroidManifest.xml:18:13-37
104            android:permission="android.permission.BIND_JOB_SERVICE" />
104-->[:firebase_messaging] AndroidManifest.xml:19:13-69
105        <service
105-->[:firebase_messaging] AndroidManifest.xml:20:9-26:19
106            android:name="io.flutter.plugins.firebase.messaging.FlutterFirebaseMessagingService"
106-->[:firebase_messaging] AndroidManifest.xml:21:13-97
107            android:exported="false" >
107-->[:firebase_messaging] AndroidManifest.xml:22:13-37
108            <intent-filter>
108-->[:firebase_messaging] AndroidManifest.xml:23:13-25:29
109                <action android:name="com.google.firebase.MESSAGING_EVENT" />
109-->[:firebase_messaging] AndroidManifest.xml:24:17-78
109-->[:firebase_messaging] AndroidManifest.xml:24:25-75
110            </intent-filter>
111        </service>
112
113        <receiver
113-->[:firebase_messaging] AndroidManifest.xml:28:9-35:20
114            android:name="io.flutter.plugins.firebase.messaging.FlutterFirebaseMessagingReceiver"
114-->[:firebase_messaging] AndroidManifest.xml:29:13-98
115            android:exported="true"
115-->[:firebase_messaging] AndroidManifest.xml:30:13-36
116            android:permission="com.google.android.c2dm.permission.SEND" >
116-->[:firebase_messaging] AndroidManifest.xml:31:13-73
117            <intent-filter>
117-->[:firebase_messaging] AndroidManifest.xml:32:13-34:29
118                <action android:name="com.google.android.c2dm.intent.RECEIVE" />
118-->[:firebase_messaging] AndroidManifest.xml:33:17-81
118-->[:firebase_messaging] AndroidManifest.xml:33:25-78
119            </intent-filter>
120        </receiver>
121
122        <service
122-->[:firebase_messaging] AndroidManifest.xml:37:9-41:19
123            android:name="com.google.firebase.components.ComponentDiscoveryService"
123-->[:firebase_messaging] AndroidManifest.xml:37:18-89
124            android:directBootAware="true"
124-->[com.google.firebase:firebase-common:21.0.0] AndroidManifest.xml:32:13-43
125            android:exported="false" >
125-->[com.google.firebase:firebase-messaging:24.0.1] AndroidManifest.xml:56:13-37
126            <meta-data
126-->[:firebase_messaging] AndroidManifest.xml:38:13-40:85
127                android:name="com.google.firebase.components:io.flutter.plugins.firebase.messaging.FlutterFirebaseAppRegistrar"
127-->[:firebase_messaging] AndroidManifest.xml:39:17-128
128                android:value="com.google.firebase.components.ComponentRegistrar" />
128-->[:firebase_messaging] AndroidManifest.xml:40:17-82
129            <meta-data
129-->[:firebase_core] AndroidManifest.xml:11:13-13:85
130                android:name="com.google.firebase.components:io.flutter.plugins.firebase.core.FlutterFirebaseCoreRegistrar"
130-->[:firebase_core] AndroidManifest.xml:12:17-124
131                android:value="com.google.firebase.components.ComponentRegistrar" />
131-->[:firebase_core] AndroidManifest.xml:13:17-82
132            <meta-data
132-->[com.google.firebase:firebase-messaging:24.0.1] AndroidManifest.xml:57:13-59:85
133                android:name="com.google.firebase.components:com.google.firebase.messaging.FirebaseMessagingKtxRegistrar"
133-->[com.google.firebase:firebase-messaging:24.0.1] AndroidManifest.xml:58:17-122
134                android:value="com.google.firebase.components.ComponentRegistrar" />
134-->[com.google.firebase:firebase-messaging:24.0.1] AndroidManifest.xml:59:17-82
135            <meta-data
135-->[com.google.firebase:firebase-messaging:24.0.1] AndroidManifest.xml:60:13-62:85
136                android:name="com.google.firebase.components:com.google.firebase.messaging.FirebaseMessagingRegistrar"
136-->[com.google.firebase:firebase-messaging:24.0.1] AndroidManifest.xml:61:17-119
137                android:value="com.google.firebase.components.ComponentRegistrar" />
137-->[com.google.firebase:firebase-messaging:24.0.1] AndroidManifest.xml:62:17-82
138            <meta-data
138-->[com.google.firebase:firebase-installations:18.0.0] AndroidManifest.xml:15:13-17:85
139                android:name="com.google.firebase.components:com.google.firebase.installations.FirebaseInstallationsKtxRegistrar"
139-->[com.google.firebase:firebase-installations:18.0.0] AndroidManifest.xml:16:17-130
140                android:value="com.google.firebase.components.ComponentRegistrar" />
140-->[com.google.firebase:firebase-installations:18.0.0] AndroidManifest.xml:17:17-82
141            <meta-data
141-->[com.google.firebase:firebase-installations:18.0.0] AndroidManifest.xml:18:13-20:85
142                android:name="com.google.firebase.components:com.google.firebase.installations.FirebaseInstallationsRegistrar"
142-->[com.google.firebase:firebase-installations:18.0.0] AndroidManifest.xml:19:17-127
143                android:value="com.google.firebase.components.ComponentRegistrar" />
143-->[com.google.firebase:firebase-installations:18.0.0] AndroidManifest.xml:20:17-82
144            <meta-data
144-->[com.google.firebase:firebase-common-ktx:21.0.0] AndroidManifest.xml:12:13-14:85
145                android:name="com.google.firebase.components:com.google.firebase.ktx.FirebaseCommonLegacyRegistrar"
145-->[com.google.firebase:firebase-common-ktx:21.0.0] AndroidManifest.xml:13:17-116
146                android:value="com.google.firebase.components.ComponentRegistrar" />
146-->[com.google.firebase:firebase-common-ktx:21.0.0] AndroidManifest.xml:14:17-82
147            <meta-data
147-->[com.google.firebase:firebase-common:21.0.0] AndroidManifest.xml:35:13-37:85
148                android:name="com.google.firebase.components:com.google.firebase.FirebaseCommonKtxRegistrar"
148-->[com.google.firebase:firebase-common:21.0.0] AndroidManifest.xml:36:17-109
149                android:value="com.google.firebase.components.ComponentRegistrar" />
149-->[com.google.firebase:firebase-common:21.0.0] AndroidManifest.xml:37:17-82
150            <meta-data
150-->[com.google.firebase:firebase-datatransport:18.2.0] AndroidManifest.xml:25:13-27:85
151                android:name="com.google.firebase.components:com.google.firebase.datatransport.TransportRegistrar"
151-->[com.google.firebase:firebase-datatransport:18.2.0] AndroidManifest.xml:26:17-115
152                android:value="com.google.firebase.components.ComponentRegistrar" />
152-->[com.google.firebase:firebase-datatransport:18.2.0] AndroidManifest.xml:27:17-82
153        </service>
154
155        <provider
155-->[:firebase_messaging] AndroidManifest.xml:43:9-47:38
156            android:name="io.flutter.plugins.firebase.messaging.FlutterFirebaseMessagingInitProvider"
156-->[:firebase_messaging] AndroidManifest.xml:44:13-102
157            android:authorities="com.emic.gsafesa.flutterfirebasemessaginginitprovider"
157-->[:firebase_messaging] AndroidManifest.xml:45:13-88
158            android:exported="false"
158-->[:firebase_messaging] AndroidManifest.xml:46:13-37
159            android:initOrder="99" />
159-->[:firebase_messaging] AndroidManifest.xml:47:13-35
160
161        <receiver
161-->[:flutter_foreground_task] AndroidManifest.xml:15:9-23:20
162            android:name="com.pravera.flutter_foreground_task.service.RebootReceiver"
162-->[:flutter_foreground_task] AndroidManifest.xml:16:13-86
163            android:enabled="true"
163-->[:flutter_foreground_task] AndroidManifest.xml:17:13-35
164            android:exported="true" >
164-->[:flutter_foreground_task] AndroidManifest.xml:18:13-36
165            <intent-filter>
165-->[:flutter_foreground_task] AndroidManifest.xml:19:13-22:29
166                <action android:name="android.intent.action.BOOT_COMPLETED" />
166-->[:flutter_foreground_task] AndroidManifest.xml:20:17-79
166-->[:flutter_foreground_task] AndroidManifest.xml:20:25-76
167                <action android:name="android.intent.action.MY_PACKAGE_REPLACED" />
167-->[:flutter_foreground_task] AndroidManifest.xml:21:17-84
167-->[:flutter_foreground_task] AndroidManifest.xml:21:25-81
168            </intent-filter>
169        </receiver>
170        <receiver
170-->[:flutter_foreground_task] AndroidManifest.xml:24:9-27:40
171            android:name="com.pravera.flutter_foreground_task.service.RestartReceiver"
171-->[:flutter_foreground_task] AndroidManifest.xml:25:13-87
172            android:enabled="true"
172-->[:flutter_foreground_task] AndroidManifest.xml:26:13-35
173            android:exported="false" />
173-->[:flutter_foreground_task] AndroidManifest.xml:27:13-37
174
175        <service
175-->[:geolocator_android] AndroidManifest.xml:10:9-14:56
176            android:name="com.baseflow.geolocator.GeolocatorLocationService"
176-->[:geolocator_android] AndroidManifest.xml:11:13-77
177            android:enabled="true"
177-->[:geolocator_android] AndroidManifest.xml:12:13-35
178            android:exported="false"
178-->[:geolocator_android] AndroidManifest.xml:13:13-37
179            android:foregroundServiceType="location" />
179-->[:geolocator_android] AndroidManifest.xml:14:13-53
180
181        <activity
181-->[:url_launcher_android] AndroidManifest.xml:10:9-13:74
182            android:name="io.flutter.plugins.urllauncher.WebViewActivity"
182-->[:url_launcher_android] AndroidManifest.xml:11:13-74
183            android:exported="false"
183-->[:url_launcher_android] AndroidManifest.xml:12:13-37
184            android:theme="@android:style/Theme.NoTitleBar.Fullscreen" />
184-->[:url_launcher_android] AndroidManifest.xml:13:13-71
185        <!--
186        Service for holding metadata. Cannot be instantiated.
187        Metadata will be merged from other manifests.
188        -->
189        <service
189-->[androidx.camera:camera-core:1.3.3] AndroidManifest.xml:29:9-33:78
190            android:name="androidx.camera.core.impl.MetadataHolderService"
190-->[androidx.camera:camera-core:1.3.3] AndroidManifest.xml:30:13-75
191            android:enabled="false"
191-->[androidx.camera:camera-core:1.3.3] AndroidManifest.xml:31:13-36
192            android:exported="false" >
192-->[androidx.camera:camera-core:1.3.3] AndroidManifest.xml:32:13-37
193            <meta-data
193-->[androidx.camera:camera-camera2:1.3.3] AndroidManifest.xml:30:13-32:89
194                android:name="androidx.camera.core.impl.MetadataHolderService.DEFAULT_CONFIG_PROVIDER"
194-->[androidx.camera:camera-camera2:1.3.3] AndroidManifest.xml:31:17-103
195                android:value="androidx.camera.camera2.Camera2Config$DefaultProvider" />
195-->[androidx.camera:camera-camera2:1.3.3] AndroidManifest.xml:32:17-86
196        </service>
197
198        <receiver
198-->[com.google.firebase:firebase-messaging:24.0.1] AndroidManifest.xml:29:9-40:20
199            android:name="com.google.firebase.iid.FirebaseInstanceIdReceiver"
199-->[com.google.firebase:firebase-messaging:24.0.1] AndroidManifest.xml:30:13-78
200            android:exported="true"
200-->[com.google.firebase:firebase-messaging:24.0.1] AndroidManifest.xml:31:13-36
201            android:permission="com.google.android.c2dm.permission.SEND" >
201-->[com.google.firebase:firebase-messaging:24.0.1] AndroidManifest.xml:32:13-73
202            <intent-filter>
202-->[:firebase_messaging] AndroidManifest.xml:32:13-34:29
203                <action android:name="com.google.android.c2dm.intent.RECEIVE" />
203-->[:firebase_messaging] AndroidManifest.xml:33:17-81
203-->[:firebase_messaging] AndroidManifest.xml:33:25-78
204            </intent-filter>
205
206            <meta-data
206-->[com.google.firebase:firebase-messaging:24.0.1] AndroidManifest.xml:37:13-39:40
207                android:name="com.google.android.gms.cloudmessaging.FINISHED_AFTER_HANDLED"
207-->[com.google.firebase:firebase-messaging:24.0.1] AndroidManifest.xml:38:17-92
208                android:value="true" />
208-->[com.google.firebase:firebase-messaging:24.0.1] AndroidManifest.xml:39:17-37
209        </receiver>
210        <!--
211             FirebaseMessagingService performs security checks at runtime,
212             but set to not exported to explicitly avoid allowing another app to call it.
213        -->
214        <service
214-->[com.google.firebase:firebase-messaging:24.0.1] AndroidManifest.xml:46:9-53:19
215            android:name="com.google.firebase.messaging.FirebaseMessagingService"
215-->[com.google.firebase:firebase-messaging:24.0.1] AndroidManifest.xml:47:13-82
216            android:directBootAware="true"
216-->[com.google.firebase:firebase-messaging:24.0.1] AndroidManifest.xml:48:13-43
217            android:exported="false" >
217-->[com.google.firebase:firebase-messaging:24.0.1] AndroidManifest.xml:49:13-37
218            <intent-filter android:priority="-500" >
218-->[:firebase_messaging] AndroidManifest.xml:23:13-25:29
219                <action android:name="com.google.firebase.MESSAGING_EVENT" />
219-->[:firebase_messaging] AndroidManifest.xml:24:17-78
219-->[:firebase_messaging] AndroidManifest.xml:24:25-75
220            </intent-filter>
221        </service>
222        <service
222-->[com.google.android.gms:play-services-mlkit-barcode-scanning:18.3.0] AndroidManifest.xml:9:9-15:19
223            android:name="com.google.mlkit.common.internal.MlKitComponentDiscoveryService"
223-->[com.google.android.gms:play-services-mlkit-barcode-scanning:18.3.0] AndroidManifest.xml:10:13-91
224            android:directBootAware="true"
224-->[com.google.mlkit:common:18.9.0] AndroidManifest.xml:17:13-43
225            android:exported="false" >
225-->[com.google.android.gms:play-services-mlkit-barcode-scanning:18.3.0] AndroidManifest.xml:11:13-37
226            <meta-data
226-->[com.google.android.gms:play-services-mlkit-barcode-scanning:18.3.0] AndroidManifest.xml:12:13-14:85
227                android:name="com.google.firebase.components:com.google.mlkit.vision.barcode.internal.BarcodeRegistrar"
227-->[com.google.android.gms:play-services-mlkit-barcode-scanning:18.3.0] AndroidManifest.xml:13:17-120
228                android:value="com.google.firebase.components.ComponentRegistrar" />
228-->[com.google.android.gms:play-services-mlkit-barcode-scanning:18.3.0] AndroidManifest.xml:14:17-82
229            <meta-data
229-->[com.google.mlkit:vision-common:17.3.0] AndroidManifest.xml:12:13-14:85
230                android:name="com.google.firebase.components:com.google.mlkit.vision.common.internal.VisionCommonRegistrar"
230-->[com.google.mlkit:vision-common:17.3.0] AndroidManifest.xml:13:17-124
231                android:value="com.google.firebase.components.ComponentRegistrar" />
231-->[com.google.mlkit:vision-common:17.3.0] AndroidManifest.xml:14:17-82
232            <meta-data
232-->[com.google.mlkit:common:18.9.0] AndroidManifest.xml:20:13-22:85
233                android:name="com.google.firebase.components:com.google.mlkit.common.internal.CommonComponentRegistrar"
233-->[com.google.mlkit:common:18.9.0] AndroidManifest.xml:21:17-120
234                android:value="com.google.firebase.components.ComponentRegistrar" />
234-->[com.google.mlkit:common:18.9.0] AndroidManifest.xml:22:17-82
235        </service>
236
237        <provider
237-->[com.google.mlkit:common:18.9.0] AndroidManifest.xml:9:9-13:38
238            android:name="com.google.mlkit.common.internal.MlKitInitProvider"
238-->[com.google.mlkit:common:18.9.0] AndroidManifest.xml:10:13-78
239            android:authorities="com.emic.gsafesa.mlkitinitprovider"
239-->[com.google.mlkit:common:18.9.0] AndroidManifest.xml:11:13-69
240            android:exported="false"
240-->[com.google.mlkit:common:18.9.0] AndroidManifest.xml:12:13-37
241            android:initOrder="99" />
241-->[com.google.mlkit:common:18.9.0] AndroidManifest.xml:13:13-35
242
243        <activity
243-->[com.google.android.gms:play-services-base:18.3.0] AndroidManifest.xml:20:9-22:45
244            android:name="com.google.android.gms.common.api.GoogleApiActivity"
244-->[com.google.android.gms:play-services-base:18.3.0] AndroidManifest.xml:20:19-85
245            android:exported="false"
245-->[com.google.android.gms:play-services-base:18.3.0] AndroidManifest.xml:22:19-43
246            android:theme="@android:style/Theme.Translucent.NoTitleBar" />
246-->[com.google.android.gms:play-services-base:18.3.0] AndroidManifest.xml:21:19-78
247
248        <provider
248-->[com.google.firebase:firebase-common:21.0.0] AndroidManifest.xml:23:9-28:39
249            android:name="com.google.firebase.provider.FirebaseInitProvider"
249-->[com.google.firebase:firebase-common:21.0.0] AndroidManifest.xml:24:13-77
250            android:authorities="com.emic.gsafesa.firebaseinitprovider"
250-->[com.google.firebase:firebase-common:21.0.0] AndroidManifest.xml:25:13-72
251            android:directBootAware="true"
251-->[com.google.firebase:firebase-common:21.0.0] AndroidManifest.xml:26:13-43
252            android:exported="false"
252-->[com.google.firebase:firebase-common:21.0.0] AndroidManifest.xml:27:13-37
253            android:initOrder="100" />
253-->[com.google.firebase:firebase-common:21.0.0] AndroidManifest.xml:28:13-36
254
255        <uses-library
255-->[androidx.window:window:1.0.0-beta04] AndroidManifest.xml:25:9-27:40
256            android:name="androidx.window.extensions"
256-->[androidx.window:window:1.0.0-beta04] AndroidManifest.xml:26:13-54
257            android:required="false" />
257-->[androidx.window:window:1.0.0-beta04] AndroidManifest.xml:27:13-37
258        <uses-library
258-->[androidx.window:window:1.0.0-beta04] AndroidManifest.xml:28:9-30:40
259            android:name="androidx.window.sidecar"
259-->[androidx.window:window:1.0.0-beta04] AndroidManifest.xml:29:13-51
260            android:required="false" />
260-->[androidx.window:window:1.0.0-beta04] AndroidManifest.xml:30:13-37
261
262        <provider
262-->[androidx.emoji2:emoji2:1.0.0] AndroidManifest.xml:26:9-34:20
263            android:name="androidx.startup.InitializationProvider"
263-->[androidx.emoji2:emoji2:1.0.0] AndroidManifest.xml:27:13-67
264            android:authorities="com.emic.gsafesa.androidx-startup"
264-->[androidx.emoji2:emoji2:1.0.0] AndroidManifest.xml:28:13-68
265            android:exported="false" >
265-->[androidx.emoji2:emoji2:1.0.0] AndroidManifest.xml:29:13-37
266            <meta-data
266-->[androidx.emoji2:emoji2:1.0.0] AndroidManifest.xml:31:13-33:52
267                android:name="androidx.emoji2.text.EmojiCompatInitializer"
267-->[androidx.emoji2:emoji2:1.0.0] AndroidManifest.xml:32:17-75
268                android:value="androidx.startup" />
268-->[androidx.emoji2:emoji2:1.0.0] AndroidManifest.xml:33:17-49
269            <meta-data
269-->[androidx.lifecycle:lifecycle-process:2.6.2] AndroidManifest.xml:29:13-31:52
270                android:name="androidx.lifecycle.ProcessLifecycleInitializer"
270-->[androidx.lifecycle:lifecycle-process:2.6.2] AndroidManifest.xml:30:17-78
271                android:value="androidx.startup" />
271-->[androidx.lifecycle:lifecycle-process:2.6.2] AndroidManifest.xml:31:17-49
272            <meta-data
272-->[androidx.profileinstaller:profileinstaller:1.3.0] AndroidManifest.xml:29:13-31:52
273                android:name="androidx.profileinstaller.ProfileInstallerInitializer"
273-->[androidx.profileinstaller:profileinstaller:1.3.0] AndroidManifest.xml:30:17-85
274                android:value="androidx.startup" />
274-->[androidx.profileinstaller:profileinstaller:1.3.0] AndroidManifest.xml:31:17-49
275        </provider>
276
277        <meta-data
277-->[com.google.android.gms:play-services-basement:18.3.0] AndroidManifest.xml:21:9-23:69
278            android:name="com.google.android.gms.version"
278-->[com.google.android.gms:play-services-basement:18.3.0] AndroidManifest.xml:22:13-58
279            android:value="@integer/google_play_services_version" />
279-->[com.google.android.gms:play-services-basement:18.3.0] AndroidManifest.xml:23:13-66
280
281        <receiver
281-->[androidx.profileinstaller:profileinstaller:1.3.0] AndroidManifest.xml:34:9-52:20
282            android:name="androidx.profileinstaller.ProfileInstallReceiver"
282-->[androidx.profileinstaller:profileinstaller:1.3.0] AndroidManifest.xml:35:13-76
283            android:directBootAware="false"
283-->[androidx.profileinstaller:profileinstaller:1.3.0] AndroidManifest.xml:36:13-44
284            android:enabled="true"
284-->[androidx.profileinstaller:profileinstaller:1.3.0] AndroidManifest.xml:37:13-35
285            android:exported="true"
285-->[androidx.profileinstaller:profileinstaller:1.3.0] AndroidManifest.xml:38:13-36
286            android:permission="android.permission.DUMP" >
286-->[androidx.profileinstaller:profileinstaller:1.3.0] AndroidManifest.xml:39:13-57
287            <intent-filter>
287-->[androidx.profileinstaller:profileinstaller:1.3.0] AndroidManifest.xml:40:13-42:29
288                <action android:name="androidx.profileinstaller.action.INSTALL_PROFILE" />
288-->[androidx.profileinstaller:profileinstaller:1.3.0] AndroidManifest.xml:41:17-91